 ***************************************************************************
 ALAMO version 2023.2.13. Built: WIN-64 Mon Feb 13 21:30:56 EST 2023
 
The options and data used in solving this problem are as follows:
 
NINPUTS           =              3
NOUTPUTS          =              1
NTRANS            =              0
NCVF              =              5
NPENL             =            100
NDATA             =             66
NPREDATA          =              0
NSAMPLE           =              0
NVALDATA          =              0
NVALSAMPLE        =              0
NVALSETS          =              0
PRFREQ            =              1
INITIALPOINTS     =             66
SAMPLER           =              1
MODELER           =              1
INITIALIZER       =              3
BUILDER           =              1
ENUM1             =             -1
ENUMALL           =              0
GREEDYBUILDER     =               T
NDGELS            =            120
SCREENER          =              0
SISMULT           = 1 
MAXSIM            =             10
MINPOINTS         =              3
MAXPOINTS         =              9
OBJFUN            =              1
SNOBFITP          = 0.5 
SNOBFITRESOLUTION = 0.100000000000E-004 
MAXTIME           = 1000 
DATALIMITTERMS    =               T
NUMLIMITBASIS     =               T
CONVPEN           = 0 
MONO              =              2
MULTI2            =              2
MULTI3            =              2
RATIOS            =              0
EXPFCNS           =               F
LINFCNS           =               T
LOGFCNS           =               T
SINFCNS           =               F
COSFCNS           =               F
CONSTANT          =               T
GRBFCNS           =               F
PRBF              =               F
LK                =               F
NCUSTOMBAS        =              0
OTHERBASIS        =              0
USEGPU            =               F
XSCALING          =               F
SCALEZ            =               F
MAXITER           =              1
TOLESTERROR       = 0.999999977648E-002 
TOLSSE            = 0 
FUNFORM           =              5
RBFPARAM          = 1 
PRESET            = -111111 
LINEARERROR       =               F
SOLVEMIP          =               T
DELTATERM         =               T
SHORTCUT          =               T
DIVE              =               T
FIRSTFEAS         =               F
MIPOPTCA          = 0.500000007451E-001 
MIPOPTCR          = 0.999999974738E-004 
CRTOL             = 0.100000000000E-002 
CRNINITIAL        =              0
CRMAXITER         =             10
CRNVIOL           =              5
CRNTRIALS         =            100
CRNCUSTOM         =              0
NGROUPS           =              0
SIMULATOR         =      mysim
SIMIN             =      input.txt
SIMOUT            =      output.txt
SCRATCH           =      almscr1682889140091132.0
BARONEXE          =      C:\alamo\almbaron.exe
===========================================================================

XLABELS        XMIN                  XMAX             XISINT
ETHANOL    0.00000000000         1.00000000000         F
DMF        0.00000000000         1.00000000000         F
THF        0.00000000000         1.00000000000         F
ZLABELS   TOLMEANERROR          TOLRELMETRIC          TOLABSMETRIC            MAXTERMS  ZISINT  TOLMAXERROR
Tb         0.00000000000        0.100000000000E-005  0.100000000000E-005            5    F       0.500000000000E-001

XDATA and ZDATA
  0 0 1 338.5614829 
  0 0.1 0.9 341.225228 
  0 0.2 0.8 345.6503051 
  0 0.3 0.7 352.7574383 
  0 0.4 0.6 362.8583956 
  0 0.5 0.5 375.8632859 
  0 0.6 0.4 390.8015787 
  0 0.7 0.3 405.246966 
  0 0.8 0.2 416.0509224 
  0 0.9 0.1 421.6948745 
  0 1 0 423.2574047 
  0.1 0 0.9 337.2212092 
  0.1 0.1 0.8 340.5939831 
  0.1 0.2 0.7 345.7192236 
  0.1 0.3 0.6 353.3238217 
  0.1 0.4 0.5 363.4349192 
  0.1 0.5 0.4 375.5030591 
  0.1 0.6 0.3 388.1635799 
  0.1 0.7 0.2 399.364418 
  0.1 0.8 0.1 407.399137 
  0.1 0.9 0 412.0408601 
  0.2 0 0.8 337.0874908 
  0.2 0.1 0.7 340.7009385 
  0.2 0.2 0.6 346.3493662 
  0.2 0.3 0.5 354.3093216 
  0.2 0.4 0.4 364.2732806 
  0.2 0.5 0.3 375.3648022 
  0.2 0.6 0.2 386.1749835 
  0.2 0.7 0.1 395.2297668 
  0.2 0.8 0 401.780633 
  0.3 0 0.7 337.399612 
  0.3 0.1 0.6 341.3486909 
  0.3 0.2 0.5 347.4722321 
  0.3 0.3 0.4 355.6744424 
  0.3 0.4 0.3 365.3489418 
  0.3 0.5 0.2 375.4538127 
  0.3 0.6 0.1 384.7689849 
  0.3 0.7 0 392.4025011 
  0.4 0 0.6 338.0211519 
  0.4 0.1 0.5 342.4441534 
  0.4 0.2 0.4 349.0273307 
  0.4 0.3 0.3 357.3589135 
  0.4 0.4 0.2 366.6130432 
  0.4 0.5 0.1 375.753097 
  0.4 0.6 0 383.8863838 
  0.5 0 0.5 338.9499908 
  0.5 0.1 0.4 343.9599539 
  0.5 0.2 0.3 350.9687437 
  0.5 0.3 0.2 359.2952346 
  0.5 0.4 0.1 368.0095214 
  0.5 0.5 0 376.2408005 
  0.6 0 0.4 340.2398741 
  0.6 0.1 0.3 345.9069739 
  0.6 0.2 0.2 353.2582791 
  0.6 0.3 0.1 361.4125341 
  0.6 0.4 0 369.4848642 
  0.7 0 0.3 341.9866562 
  0.7 0.1 0.2 348.3188699 
  0.7 0.2 0.1 355.8561109 
  0.7 0.3 0 363.6372016 
  0.8 0 0.2 344.3320648 
  0.8 0.1 0.1 351.2411306 
  0.8 0.2 0 358.7116785 
  0.9 0 0.1 347.4736876 
  0.9 0.1 0 354.7190103 
  1 0 0 351.671973 

MONOPOWERS
2 3 

MULTI2POWERS
   1.00000000000000        2.00000000000000     

MULTI3POWERS
   1.00000000000000        2.00000000000000     
===========================================================================
Total number of bases considered =        18

BASES considered
 ETHANOL
 DMF
 THF
 ETHANOL^2
 DMF^2
 THF^2
 ETHANOL^3
 DMF^3
 THF^3
 ETHANOL*DMF
 ETHANOL*THF
 DMF*THF
 (ETHANOL*DMF)^2
 (ETHANOL*THF)^2
 (DMF*THF)^2
 ETHANOL*DMF*THF
 (ETHANOL*DMF*THF)^2
 1.00
===========================================================================
 
 Step 0: Initializing data set
 User provided an initial data set of 66 data points
 We will sample no more data points at this stage
 ***************************************************************************
 Iteration 1 (Approx. elapsed time 0.0 s)
 
 Step 1: Model building using BIC
 
 Model building for variable Tb
 sigma in almsurr1 =    1.00000000000000
 ----
 BIC = 419. with Tb = 364.19168365606043380467
 ----
 BIC = 228. with Tb = 84.023659469930493060019 * DMF + 336.18379716608370699760
 ----
 BIC = 187. with Tb = 90.738691447925802435748 * DMF + 20.410431544060596564805 * ETHANOL^3 + 331.48939791095011742073
 ----
 BIC = 147. with Tb = 14.908964376434386878145 * ETHANOL^2 + 210.39676295459605626093 * DMF^2 - 126.10718793370067203341 * DMF^3 + 338.06053192672692375709
 ----
 BIC = 129. with Tb = 19.098411547735079096810 * ETHANOL^2 + 195.26400161690105505841 * DMF^2 - 107.85449899548922303438 * DMF^3 + 26.125073067086582057073 * DMF*THF + 335.91101880830291293023
 
 Calculating quality metrics on observed data set.
 Errors on observed data points 
 (for each data point: x, z, zmodel, square error, absolute error):
  0 0 1 338.5614829 335.911018808 7.02495990138 0.782860492279 
  0 0.1 0.9 341.225228 340.107060902 1.25029766014 0.327691801992 
  0 0.2 0.8 345.6503051 347.038754572 1.9277919356 0.401691956079 
  0 0.3 0.7 352.7574383 356.058972825 10.90013022 0.935922015123 
  0 0.4 0.6 362.8583956 366.520588667 13.4116580629 1.00926232156 
  0 0.5 0.5 375.8632859 377.776475105 3.66029293361 0.509011993625 
  0 0.6 0.4 390.8015787 389.179505143 2.63112262282 0.415063204692 
  0 0.7 0.3 405.246966 400.082551789 26.6711741405 1.27438689098 
  0 0.8 0.2 416.0509224 409.838488048 38.5943405759 1.49319086135 
  0 0.9 0.1 421.6948745 417.800186926 15.1685912966 0.923579538001 
  0 1 0 423.2574047 423.32052143 0.398372156988E-002 0.149121383380E-001 
  0.1 0 0.9 337.2212092 336.102002924 1.25262268873 0.3318908318 
  0.1 0.1 0.8 340.5939831 340.036794286 0.310459374089 0.163593263923 
  0.1 0.2 0.7 345.7192236 346.707237226 0.976170924933 0.285784983431 
  0.1 0.3 0.6 353.3238217 355.466204748 4.58980512649 0.606351147848 
  0.1 0.4 0.5 363.4349192 365.66656986 4.98026466913 0.614044094911 
  0.1 0.5 0.4 375.5030591 376.661205567 1.34130323899 0.308425308109 
  0.1 0.6 0.3 388.1635799 387.802984875 0.130028772116 0.928976966820E-001 
  0.1 0.7 0.2 399.364418 398.44478079 0.845732598015 0.230275199429 
  0.1 0.8 0.1 407.399137 407.939466318 0.291955772186 0.132628979593 
  0.1 0.9 0 412.0408601 415.639914466 12.9531923277 0.87347025848 
  0.2 0 0.8 337.0874908 336.67495527 0.170185563337 0.122382331308 
  0.2 0.1 0.7 340.7009385 340.348495902 0.124215784827 0.103446324354 
  0.2 0.2 0.6 346.3493662 346.757688111 0.166726782982 0.117893072955 
  0.2 0.3 0.5 354.3093216 355.255404903 0.895073616061 0.267021849339 
  0.2 0.4 0.4 364.2732806 365.194519284 0.848680712786 0.252897682317 
  0.2 0.5 0.3 375.3648022 375.92790426 0.317083930049 0.150014614254 
  0.2 0.6 0.2 386.1749835 386.808432837 0.401258062953 0.164031686253 
  0.2 0.7 0.1 395.2297668 397.188978022 3.83850861138 0.495714489726 
  0.2 0.8 0 401.780633 406.422412819 21.5461198912 1.15530203252 
  0.3 0 0.7 337.399612 337.629875848 0.530214395111E-001 0.682466248951E-001 
  0.3 0.1 0.6 341.3486909 341.042165749 0.939576683195E-001 0.897982501102E-001 
  0.3 0.2 0.5 347.4722321 347.190107227 0.795944439541E-001 0.811935017872E-001 
  0.3 0.3 0.4 355.6744424 355.426573288 0.614390965387E-001 0.696898855130E-001 
  0.3 0.4 0.3 365.3489418 365.104436939 0.597826272275E-001 0.669236539055E-001 
  0.3 0.5 0.2 375.4538127 375.576571184 0.150696454178E-001 0.326960280984E-001 
  0.3 0.6 0.1 384.7689849 386.195849031 2.03594124743 0.370836576408 
  0.3 0.7 0 392.4025011 396.315143484 15.3087704284 0.997099247191 
  0.4 0 0.6 338.0211519 338.966764656 0.894183484197 0.279749580943 
  0.4 0.1 0.5 342.4441534 342.117803826 0.106504044144 0.953000862451E-001 
  0.4 0.2 0.4 349.0273307 348.004494574 1.04619374061 0.29305330443 
  0.4 0.3 0.3 357.3589135 355.979709905 1.90220255751 0.385943527159 
  0.4 0.4 0.2 366.6130432 365.396322824 1.48040847264 0.331881365998 
  0.4 0.5 0.1 375.753097 375.607206339 0.212840849425E-001 0.388262031852E-001 
  0.4 0.6 0 383.8863838 385.965233455 4.32161588809 0.541527322335 
  0.5 0 0.5 338.9499908 340.685621695 3.0124146045 0.512061053945 
  0.5 0.1 0.4 343.9599539 343.575410135 0.147873907128 0.111798993036 
  0.5 0.2 0.3 350.9687437 349.200850152 3.12544759715 0.503718231256 
  0.5 0.3 0.2 359.2952346 356.914814752 5.66639865321 0.662524748135 
  0.5 0.4 0.1 368.0095214 366.070176941 3.76105693099 0.526982142122 
  0.5 0.5 0 376.2408005 376.019809725 0.488369226237E-001 0.587365258315E-001 
  0.6 0 0.4 340.2398741 342.786446965 6.48503335924 0.748463968905 
  0.6 0.1 0.3 345.9069739 345.414984675 0.242053397837 0.14223165835 
  0.6 0.2 0.2 353.2582791 350.779173961 6.1459622908 0.701782600944 
  0.6 0.3 0.1 361.4125341 358.23188783 10.116510694 0.880059757135 
  0.6 0.4 0 369.4848642 367.125999288 5.5642436708 0.638419902971 
  0.7 0 0.3 341.9866562 345.269240467 10.7753594679 0.959857411739 
  0.7 0.1 0.2 348.3188699 347.636527445 0.465591225611 0.195895920019 
  0.7 0.2 0.1 355.8561109 352.739466001 9.71347542804 0.875816040188 
  0.7 0.3 0 363.6372016 359.930929139 13.7364555527 1.01922257799 
  0.8 0 0.2 344.3320648 348.134002199 14.4547279848 1.10414852043 
  0.8 0.1 0.1 351.2411306 350.240038447 1.0021854994 0.28501563914 
  0.8 0.2 0 358.7116785 355.081726272 13.1765531807 1.01194146887 
  0.9 0 0.1 347.4736876 351.380732162 15.2649972092 1.12441451005 
  0.9 0.1 0 354.7190103 353.225517679 2.23052020856 0.421035404783 
  1 0 0 351.671973 355.009430356 11.1386216034 0.949025686513 
 Maximum absolute errors (%) on observed data points 
  1.49319086135 
 
 
 Quality metrics for output Tb
 -----------------------------
 SSE OLR:           211.
 SSE:               341.
 RMSE:              2.27
 R2:                0.990
 R2 adjusted:       0.990
 Model size:        5
 BIC:               129.
 Cp:                285.
 AICc:              119.
 HQC:               123.
 MSE:               5.68
 SSEp:              341.
 RIC:               370.
 MADp:              1.49

 BETAS and BASES chosen for this output
   19.0984115477351      ETHANOL^2
   195.264001616901      DMF^2
  -107.854498995489      DMF^3
   26.1250730670866      DMF*THF
   335.911018808303      1.00
 
 
 Total execution time 0.78E-01 s
 Times breakdown
     OLR time:        0.78E-01 s in 12616 ordinary linear regression problem(s)
     MINLP time:      0.0 s in 0 optimization problem(s)
     Simulation time: 0.0 s to simulate 0 point(s)
     All other time:  0.0 s in 1 iteration(s)
 
 Normal termination
 ***************************************************************************
